The system is: Linux - 4.15.0-20-generic - x86_64
Compiling the C compiler identification source file "CMakeCCompilerId.c" succeeded.
Compiler: /usr/bin/cc 
Build flags: 
Id flags:  

The output was:
0


Compilation of the C compiler identification source "CMakeCCompilerId.c" produced "a.out"

The C compiler identification is GNU, found in "/home/wang/Documents/PythonLearn/example/baremetal/blinky/build/CMakeFiles/3.13.3/CompilerIdC/a.out"

Compiling the CXX compiler identification source file "CMakeCXXCompilerId.cpp" succeeded.
Compiler: /usr/bin/c++ 
Build flags: 
Id flags:  

The output was:
0


Compilation of the CXX compiler identification source "CMakeCXXCompilerId.cpp" produced "a.out"

The CXX compiler identification is GNU, found in "/home/wang/Documents/PythonLearn/example/baremetal/blinky/build/CMakeFiles/3.13.3/CompilerIdCXX/a.out"

Checking whether the ASM compiler is GNU using "--version" matched "(GNU assembler)|(GCC)|(Free Software Foundation)":
cc (Ubuntu 7.4.0-1ubuntu1~18.04.1) 7.4.0
Copyright (C) 2017 Free Software Foundation, Inc.
This is free software; see the source for copying conditions.  There is NO
warranty; not even for MERCHANTABILITY or FITNESS FOR A PARTICULAR PURPOSE.

Performing C SOURCE FILE Test toolchain_is_ok succeeded with the following output:
Change Dir: /home/wang/Documents/PythonLearn/example/baremetal/blinky/build/CMakeFiles/CMakeTmp

Run Build Command:"/usr/bin/make" "cmTC_ac6e1/fast"
/usr/bin/make -f CMakeFiles/cmTC_ac6e1.dir/build.make CMakeFiles/cmTC_ac6e1.dir/build
make[1]: Entering directory '/home/wang/Documents/PythonLearn/example/baremetal/blinky/build/CMakeFiles/CMakeTmp'
Building C object CMakeFiles/cmTC_ac6e1.dir/src.c.o
/usr/bin/cc   -Dtoolchain_is_ok   -o CMakeFiles/cmTC_ac6e1.dir/src.c.o   -c /home/wang/Documents/PythonLearn/example/baremetal/blinky/build/CMakeFiles/CMakeTmp/src.c
Linking C executable cmTC_ac6e1
/home/wang/anaconda3/lib/python3.7/site-packages/cmake/data/bin/cmake -E cmake_link_script CMakeFiles/cmTC_ac6e1.dir/link.txt --verbose=1
/usr/bin/cc  -Dtoolchain_is_ok    CMakeFiles/cmTC_ac6e1.dir/src.c.o  -o cmTC_ac6e1 
make[1]: Leaving directory '/home/wang/Documents/PythonLearn/example/baremetal/blinky/build/CMakeFiles/CMakeTmp'

Source file was:
int main(void) { return 0; }
The system is: Linux - 5.0.0-25-generic - x86_64
Compiling the C compiler identification source file "CMakeCCompilerId.c" succeeded.
Compiler: /usr/bin/cc 
Build flags: 
Id flags:  

The output was:
0


Compilation of the C compiler identification source "CMakeCCompilerId.c" produced "a.out"

The C compiler identification is GNU, found in "/home/wang/Documents/PythonLearn/example/baremetal/blinky/build/CMakeFiles/3.14.4/CompilerIdC/a.out"

Compiling the CXX compiler identification source file "CMakeCXXCompilerId.cpp" succeeded.
Compiler: /usr/bin/c++ 
Build flags: 
Id flags:  

The output was:
0


Compilation of the CXX compiler identification source "CMakeCXXCompilerId.cpp" produced "a.out"

The CXX compiler identification is GNU, found in "/home/wang/Documents/PythonLearn/example/baremetal/blinky/build/CMakeFiles/3.14.4/CompilerIdCXX/a.out"

Checking whether the ASM compiler is GNU using "--version" matched "(GNU assembler)|(GCC)|(Free Software Foundation)":
cc (Ubuntu 7.4.0-1ubuntu1~18.04.1) 7.4.0
Copyright (C) 2017 Free Software Foundation, Inc.
This is free software; see the source for copying conditions.  There is NO
warranty; not even for MERCHANTABILITY or FITNESS FOR A PARTICULAR PURPOSE.

